<?xml version="1.0" encoding="UTF-8" standalone="no"?>
<!DOCTYPE log SYSTEM "logger.dtd">
<log>
<record>
  <date>2021-05-17T10:45:31.735695300Z</date>
  <millis>1621248331735</millis>
  <nanos>695300</nanos>
  <sequence>0</sequence>
  <logger>utils.LoggingTest</logger>
  <level>CONFIG</level>
  <class>utils.LoggingTest</class>
  <method>main</method>
  <thread>1</thread>
  <message>Configuration done.</message>
</record>
<record>
  <date>2021-05-17T10:45:31.764692Z</date>
  <millis>1621248331764</millis>
  <nanos>692000</nanos>
  <sequence>1</sequence>
  <logger>utils.LoggingTest</logger>
  <level>FINE</level>
  <class>utils.LoggingTest</class>
  <method>main</method>
  <thread>1</thread>
  <message>Finer logged</message>
</record>
<record>
  <date>2021-05-17T10:45:31.766691600Z</date>
  <millis>1621248331766</millis>
  <nanos>691600</nanos>
  <sequence>2</sequence>
  <logger>utils.LoggingTest</logger>
  <level>FINER</level>
  <class>utils.LoggingTest</class>
  <method>main</method>
  <thread>1</thread>
  <message>Finest example on LOGGER handler completed.</message>
</record>
</log>
